2026-03-31 21:12:15,558 - matplotlib - WARNING - /home/jammy/.config/matplotlib is not a writable directory
2026-03-31 21:12:15,558 - matplotlib - WARNING - Matplotlib created a temporary cache directory at /tmp/matplotlib-kgf6zy7h because there was an issue with the default path (/home/jammy/.config/matplotlib); it is highly recommended to set the MPLCONFIGDIR environment variable to a writable directory, in particular to speed up the import of Matplotlib and to better support multiprocessing.
2026-03-31 21:12:17,832 - matplotlib.font_manager - INFO - Failed to extract font properties from /usr/share/fonts/truetype/noto/NotoColorEmoji.ttf: In FT2Font: Can not load face (unknown file format; error code 0x2)
2026-03-31 21:12:17,962 - matplotlib.font_manager - INFO - generated new fontManager
2026-03-31 21:25:16,021 - autoarray.dataset.imaging.dataset - INFO - IMAGING - Data masked, contains a total of 2828 image-pixels
2026-03-31 21:25:31,555 - autofit.non_linear.search.abstract_search - INFO - Starting non-linear search with 1 cores.
2026-03-31 21:25:32,549 - sersic__sersic - INFO - The output path of this fit is /mnt/c/Users/Jammy/Code/PyAutoJAX/autolens_workspace_developer/output/output/source_science/simple/sersic__sersic/f116484084f885bbd458ac4b8c422793
2026-03-31 21:25:32,550 - sersic__sersic - INFO - Outputting pre-fit files (e.g. model.info, visualization).
2026-03-31 21:25:34,987 - sersic__sersic - INFO - Starting new Nautilus non-linear search (no previous samples found).
2026-03-31 21:25:34,988 - autofit.non_linear.fitness - INFO - JAX: Applying vmap and jit to likelihood function -- may take a few seconds.
2026-03-31 21:25:34,989 - autofit.non_linear.fitness - INFO - JAX: vmap and jit applied in 0.0008053779602050781 seconds.
2026-03-31 21:25:34,995 - sersic__sersic - INFO - 
            Running search where parallelization is disabled.
            
2026-03-31 21:25:38,946 - jax_plugins.xla_cuda12 - WARNING - cuda_plugin_extension is not found.
2026-03-31 21:29:24,076 - autoarray.dataset.imaging.dataset - INFO - IMAGING - Data masked, contains a total of 2828 image-pixels
2026-03-31 21:29:41,802 - autofit.non_linear.search.abstract_search - INFO - Starting non-linear search with 1 cores.
2026-03-31 21:29:42,930 - sersic__sersic - INFO - The output path of this fit is /mnt/c/Users/Jammy/Code/PyAutoJAX/autolens_workspace_developer/output/output/source_science_lbfgs/simple/sersic__sersic/02225adc12ce35bf75e01737f99bc95a
2026-03-31 21:29:42,931 - sersic__sersic - INFO - Outputting pre-fit files (e.g. model.info, visualization).
2026-03-31 21:29:46,195 - autofit.non_linear.initializer - INFO - Generating initial samples of model using JAX LH Function cores
2026-03-31 21:29:46,258 - jax_plugins.xla_cuda12 - WARNING - cuda_plugin_extension is not found.
2026-03-31 21:29:52,763 - autofit.non_linear.initializer - INFO - Initial samples generated, starting non-linear search
2026-03-31 21:29:52,764 - sersic__sersic - INFO - Starting new L-BFGS-B non-linear search (no previous samples found).
2026-03-31 21:29:52,765 - sersic__sersic - INFO - Visualizing Starting Point Model in image_start folder.
2026-03-31 21:32:23,411 - autofit.non_linear.fitness - INFO - JAX: Applying jit to likelihood function -- may take a few seconds.
2026-03-31 21:32:23,411 - autofit.non_linear.fitness - INFO - JAX: jit applied in 0.0008571147918701172 seconds.
2026-03-31 21:32:26,742 - sersic__sersic - INFO - Fit Running: Updating results (see output folder).
2026-03-31 21:32:26,789 - autofit.non_linear.samples.samples - INFO - Samples with weight less than 1e-10 removed from samples.csv.
2026-03-31 21:32:26,799 - autofit.non_linear.search.abstract_search - INFO - Creating latent samples by drawing 100 from the PDF.
2026-03-31 21:32:26,799 - autofit.non_linear.search.abstract_search - INFO - Drawing via PDF not available for this search, using all samples above the samples weight threshold instead.
2026-03-31 21:32:26,800 - autofit.non_linear.analysis.analysis - INFO - JAX: Applying vmap and jit to likelihood function for latent variables -- may take a few seconds.
2026-03-31 21:32:26,802 - autofit.non_linear.analysis.analysis - INFO - JAX: vmap and jit applied in 0.0022139549255371094 seconds.
2026-03-31 21:35:17,412 - sersic__sersic - INFO - Removing search internal folder.
2026-03-31 21:35:17,431 - sersic__sersic - INFO - Removing all files except for .zip file
2026-03-31 21:35:20,471 - sersic__sersic - INFO - Search complete, returning result
2026-03-31 21:35:46,129 - autofit.non_linear.search.abstract_search - INFO - Starting non-linear search with 1 cores.
2026-03-31 21:35:46,191 - mge_lens__sersic_source - INFO - The output path of this fit is /mnt/c/Users/Jammy/Code/PyAutoJAX/autolens_workspace_developer/output/output/source_science_lbfgs/simple/mge_lens__sersic_source/15f41c40878d02e6fe7a7d0712d9eb9c
2026-03-31 21:35:46,194 - mge_lens__sersic_source - INFO - Outputting pre-fit files (e.g. model.info, visualization).
2026-03-31 21:35:57,772 - autofit.non_linear.initializer - INFO - Generating initial samples of model using JAX LH Function cores
2026-03-31 21:36:04,053 - autofit.non_linear.initializer - INFO - Initial samples generated, starting non-linear search
2026-03-31 21:36:04,243 - mge_lens__sersic_source - INFO - Starting new L-BFGS-B non-linear search (no previous samples found).
2026-03-31 21:36:04,245 - mge_lens__sersic_source - INFO - Visualizing Starting Point Model in image_start folder.
2026-03-31 21:36:24,527 - autoarray.dataset.imaging.dataset - INFO - IMAGING - Data masked, contains a total of 2828 image-pixels
2026-03-31 21:36:54,969 - autofit.non_linear.search.abstract_search - INFO - Starting non-linear search with 1 cores.
2026-03-31 21:36:56,373 - sersic__sersic - INFO - The output path of this fit is /mnt/c/Users/Jammy/Code/PyAutoJAX/autolens_workspace_developer/output/output/source_science/simple/sersic__sersic/f116484084f885bbd458ac4b8c422793
2026-03-31 21:36:56,374 - sersic__sersic - INFO - Outputting pre-fit files (e.g. model.info, visualization).
2026-03-31 21:36:59,781 - sersic__sersic - INFO - Resuming Nautilus non-linear search (previous samples found).
2026-03-31 21:36:59,782 - autofit.non_linear.fitness - INFO - JAX: Applying vmap and jit to likelihood function -- may take a few seconds.
2026-03-31 21:36:59,782 - autofit.non_linear.fitness - INFO - JAX: vmap and jit applied in 0.0008909702301025391 seconds.
2026-03-31 21:36:59,785 - sersic__sersic - INFO - 
            Running search where parallelization is disabled.
            
2026-03-31 21:37:34,259 - sersic__sersic - INFO - Fit Running: Updating results (see output folder).
2026-03-31 21:38:11,718 - autoarray.dataset.imaging.dataset - INFO - IMAGING - Data masked, contains a total of 2828 image-pixels
2026-03-31 21:38:40,326 - autofit.non_linear.search.abstract_search - INFO - Starting non-linear search with 1 cores.
2026-03-31 21:38:41,906 - sersic__sersic - INFO - The output path of this fit is /mnt/c/Users/Jammy/Code/PyAutoJAX/autolens_workspace_developer/output/output/source_science_v2/simple_v2/sersic__sersic/fdea5860b1cb18d2a9f107da2ab2ca5d
2026-03-31 21:38:41,907 - sersic__sersic - INFO - Outputting pre-fit files (e.g. model.info, visualization).
2026-03-31 21:38:45,789 - sersic__sersic - INFO - Starting new Nautilus non-linear search (no previous samples found).
2026-03-31 21:38:45,791 - autofit.non_linear.fitness - INFO - JAX: Applying vmap and jit to likelihood function -- may take a few seconds.
2026-03-31 21:38:45,792 - autofit.non_linear.fitness - INFO - JAX: vmap and jit applied in 0.0011799335479736328 seconds.
2026-03-31 21:38:45,799 - sersic__sersic - INFO - 
            Running search where parallelization is disabled.
            
2026-03-31 21:38:52,459 - jax_plugins.xla_cuda12 - WARNING - cuda_plugin_extension is not found.
2026-03-31 21:39:36,956 - autofit.non_linear.fitness - INFO - JAX: Applying jit to likelihood function -- may take a few seconds.
2026-03-31 21:39:36,957 - autofit.non_linear.fitness - INFO - JAX: jit applied in 0.0010046958923339844 seconds.
2026-03-31 21:40:02,585 - mge_lens__sersic_source - INFO - Fit Running: Updating results (see output folder).
2026-03-31 21:40:02,672 - autofit.non_linear.samples.samples - INFO - Samples with weight less than 1e-10 removed from samples.csv.
2026-03-31 21:40:02,689 - autofit.non_linear.search.abstract_search - INFO - Creating latent samples by drawing 100 from the PDF.
2026-03-31 21:40:02,690 - autofit.non_linear.search.abstract_search - INFO - Drawing via PDF not available for this search, using all samples above the samples weight threshold instead.
2026-03-31 21:40:02,691 - autofit.non_linear.analysis.analysis - INFO - JAX: Applying vmap and jit to likelihood function for latent variables -- may take a few seconds.
2026-03-31 21:40:02,701 - autofit.non_linear.analysis.analysis - INFO - JAX: vmap and jit applied in 0.010830402374267578 seconds.
2026-03-31 21:41:27,706 - sersic__sersic - INFO - Fit Running: Updating results (see output folder).
2026-03-31 21:41:32,203 - autofit.non_linear.samples.samples - INFO - Samples with weight less than 1e-10 removed from samples.csv.
2026-03-31 21:41:32,762 - autofit.non_linear.search.abstract_search - INFO - Creating latent samples by drawing 100 from the PDF.
2026-03-31 21:41:32,766 - autofit.non_linear.analysis.analysis - INFO - JAX: Applying vmap and jit to likelihood function for latent variables -- may take a few seconds.
2026-03-31 21:41:32,768 - autofit.non_linear.analysis.analysis - INFO - JAX: vmap and jit applied in 0.0017943382263183594 seconds.
2026-03-31 21:43:41,268 - mge_lens__sersic_source - INFO - Removing search internal folder.
2026-03-31 21:43:41,289 - mge_lens__sersic_source - INFO - Removing all files except for .zip file
2026-03-31 21:43:48,073 - mge_lens__sersic_source - INFO - Search complete, returning result
2026-03-31 21:44:16,080 - autofit.non_linear.search.abstract_search - INFO - Starting non-linear search with 1 cores.
2026-03-31 21:44:16,137 - mge_lens__mge_source - INFO - The output path of this fit is /mnt/c/Users/Jammy/Code/PyAutoJAX/autolens_workspace_developer/output/output/source_science_lbfgs/simple/mge_lens__mge_source/610eeba3b985c469040120708e33c52e
2026-03-31 21:44:16,139 - mge_lens__mge_source - INFO - Outputting pre-fit files (e.g. model.info, visualization).
2026-03-31 21:44:33,436 - autofit.non_linear.initializer - INFO - Generating initial samples of model using JAX LH Function cores
2026-03-31 21:44:38,158 - autofit.non_linear.initializer - INFO - Initial samples generated, starting non-linear search
2026-03-31 21:44:38,159 - mge_lens__mge_source - INFO - Starting new L-BFGS-B non-linear search (no previous samples found).
2026-03-31 21:44:38,160 - mge_lens__mge_source - INFO - Visualizing Starting Point Model in image_start folder.
2026-03-31 21:44:43,314 - sersic__sersic - INFO - Removing search internal folder.
2026-03-31 21:44:43,363 - sersic__sersic - INFO - Removing all files except for .zip file
2026-03-31 21:44:46,240 - sersic__sersic - INFO - Search complete, returning result
2026-03-31 21:45:05,832 - autofit.non_linear.search.abstract_search - INFO - Starting non-linear search with 1 cores.
2026-03-31 21:45:05,866 - mge_lens__sersic_source - INFO - The output path of this fit is /mnt/c/Users/Jammy/Code/PyAutoJAX/autolens_workspace_developer/output/output/source_science/simple/mge_lens__sersic_source/1dd7069cc4a388fafc3a8469e75a534f
2026-03-31 21:45:05,868 - mge_lens__sersic_source - INFO - Outputting pre-fit files (e.g. model.info, visualization).
2026-03-31 21:45:14,013 - mge_lens__sersic_source - INFO - Starting new Nautilus non-linear search (no previous samples found).
2026-03-31 21:45:14,014 - autofit.non_linear.fitness - INFO - JAX: Applying vmap and jit to likelihood function -- may take a few seconds.
2026-03-31 21:45:14,015 - autofit.non_linear.fitness - INFO - JAX: vmap and jit applied in 0.0007874965667724609 seconds.
2026-03-31 21:45:14,019 - mge_lens__sersic_source - INFO - 
            Running search where parallelization is disabled.
            
2026-03-31 21:47:29,306 - autofit.non_linear.fitness - INFO - JAX: Applying jit to likelihood function -- may take a few seconds.
2026-03-31 21:47:29,307 - autofit.non_linear.fitness - INFO - JAX: jit applied in 0.0010292530059814453 seconds.
2026-03-31 21:48:20,025 - mge_lens__mge_source - INFO - Fit Running: Updating results (see output folder).
2026-03-31 21:48:20,096 - autofit.non_linear.samples.samples - INFO - Samples with weight less than 1e-10 removed from samples.csv.
2026-03-31 21:48:20,109 - autofit.non_linear.search.abstract_search - INFO - Creating latent samples by drawing 100 from the PDF.
2026-03-31 21:48:20,109 - autofit.non_linear.search.abstract_search - INFO - Drawing via PDF not available for this search, using all samples above the samples weight threshold instead.
2026-03-31 21:48:20,110 - autofit.non_linear.analysis.analysis - INFO - JAX: Applying vmap and jit to likelihood function for latent variables -- may take a few seconds.
2026-03-31 21:48:20,123 - autofit.non_linear.analysis.analysis - INFO - JAX: vmap and jit applied in 0.012611627578735352 seconds.
2026-03-31 21:51:35,165 - mge_lens__mge_source - INFO - Removing search internal folder.
2026-03-31 21:51:35,182 - mge_lens__mge_source - INFO - Removing all files except for .zip file
2026-03-31 21:51:42,363 - mge_lens__mge_source - INFO - Search complete, returning result
2026-03-31 21:52:37,452 - sersic__sersic - INFO - Fit Running: Updating results (see output folder).
2026-03-31 21:55:26,241 - sersic__sersic - INFO - Fit Running: Updating results (see output folder).
2026-03-31 21:55:30,879 - autofit.non_linear.samples.samples - INFO - Samples with weight less than 1e-10 removed from samples.csv.
2026-03-31 21:55:31,297 - autofit.non_linear.search.abstract_search - INFO - Creating latent samples by drawing 100 from the PDF.
2026-03-31 21:55:31,300 - autofit.non_linear.analysis.analysis - INFO - JAX: Applying vmap and jit to likelihood function for latent variables -- may take a few seconds.
2026-03-31 21:55:31,301 - autofit.non_linear.analysis.analysis - INFO - JAX: vmap and jit applied in 0.001161336898803711 seconds.
2026-03-31 21:57:49,399 - sersic__sersic - INFO - Removing search internal folder.
2026-03-31 21:57:49,420 - sersic__sersic - INFO - Removing all files except for .zip file
2026-03-31 21:57:51,837 - sersic__sersic - INFO - Search complete, returning result
2026-03-31 21:58:07,789 - autofit.non_linear.search.abstract_search - INFO - Starting non-linear search with 1 cores.
2026-03-31 21:58:07,817 - mge_lens__sersic_source - INFO - The output path of this fit is /mnt/c/Users/Jammy/Code/PyAutoJAX/autolens_workspace_developer/output/output/source_science_v2/simple_v2/mge_lens__sersic_source/17c52e75af31303feace17e1f0068763
2026-03-31 21:58:07,819 - mge_lens__sersic_source - INFO - Outputting pre-fit files (e.g. model.info, visualization).
2026-03-31 21:58:14,017 - mge_lens__sersic_source - INFO - Starting new Nautilus non-linear search (no previous samples found).
2026-03-31 21:58:14,018 - autofit.non_linear.fitness - INFO - JAX: Applying vmap and jit to likelihood function -- may take a few seconds.
2026-03-31 21:58:14,018 - autofit.non_linear.fitness - INFO - JAX: vmap and jit applied in 0.0007734298706054688 seconds.
2026-03-31 21:58:14,023 - mge_lens__sersic_source - INFO - 
            Running search where parallelization is disabled.
            
2026-03-31 21:58:27,596 - mge_lens__sersic_source - INFO - Fit Running: Updating results (see output folder).
2026-03-31 22:01:02,852 - mge_lens__sersic_source - INFO - Fit Running: Updating results (see output folder).
2026-03-31 22:01:14,298 - autofit.non_linear.samples.samples - INFO - Samples with weight less than 1e-10 removed from samples.csv.
2026-03-31 22:01:14,700 - autofit.non_linear.search.abstract_search - INFO - Creating latent samples by drawing 100 from the PDF.
2026-03-31 22:01:14,702 - autofit.non_linear.analysis.analysis - INFO - JAX: Applying vmap and jit to likelihood function for latent variables -- may take a few seconds.
2026-03-31 22:01:14,703 - autofit.non_linear.analysis.analysis - INFO - JAX: vmap and jit applied in 0.001344919204711914 seconds.
2026-03-31 22:03:19,390 - mge_lens__sersic_source - INFO - Removing search internal folder.
2026-03-31 22:03:19,407 - mge_lens__sersic_source - INFO - Removing all files except for .zip file
2026-03-31 22:03:22,967 - mge_lens__sersic_source - INFO - Search complete, returning result
2026-03-31 22:03:40,665 - autofit.non_linear.search.abstract_search - INFO - Starting non-linear search with 1 cores.
2026-03-31 22:03:40,706 - mge_lens__mge_source - INFO - The output path of this fit is /mnt/c/Users/Jammy/Code/PyAutoJAX/autolens_workspace_developer/output/output/source_science/simple/mge_lens__mge_source/885944a734777a0d2a5d25d6469c0ec0
2026-03-31 22:03:40,708 - mge_lens__mge_source - INFO - Outputting pre-fit files (e.g. model.info, visualization).
2026-03-31 22:03:52,541 - mge_lens__mge_source - INFO - Starting new Nautilus non-linear search (no previous samples found).
2026-03-31 22:03:52,542 - autofit.non_linear.fitness - INFO - JAX: Applying vmap and jit to likelihood function -- may take a few seconds.
2026-03-31 22:03:52,543 - autofit.non_linear.fitness - INFO - JAX: vmap and jit applied in 0.0007226467132568359 seconds.
2026-03-31 22:03:52,547 - mge_lens__mge_source - INFO - 
            Running search where parallelization is disabled.
            
2026-03-31 22:08:13,326 - mge_lens__sersic_source - INFO - Fit Running: Updating results (see output folder).
2026-03-31 22:10:25,992 - mge_lens__sersic_source - INFO - Fit Running: Updating results (see output folder).
2026-03-31 22:10:35,882 - autofit.non_linear.samples.samples - INFO - Samples with weight less than 1e-10 removed from samples.csv.
2026-03-31 22:10:36,304 - autofit.non_linear.search.abstract_search - INFO - Creating latent samples by drawing 100 from the PDF.
2026-03-31 22:10:36,307 - autofit.non_linear.analysis.analysis - INFO - JAX: Applying vmap and jit to likelihood function for latent variables -- may take a few seconds.
2026-03-31 22:10:36,308 - autofit.non_linear.analysis.analysis - INFO - JAX: vmap and jit applied in 0.0014445781707763672 seconds.
2026-03-31 22:12:29,929 - mge_lens__sersic_source - INFO - Removing search internal folder.
2026-03-31 22:12:29,945 - mge_lens__sersic_source - INFO - Removing all files except for .zip file
2026-03-31 22:12:33,396 - mge_lens__sersic_source - INFO - Search complete, returning result
2026-03-31 22:12:48,942 - autofit.non_linear.search.abstract_search - INFO - Starting non-linear search with 1 cores.
2026-03-31 22:12:48,978 - mge_lens__mge_source - INFO - The output path of this fit is /mnt/c/Users/Jammy/Code/PyAutoJAX/autolens_workspace_developer/output/output/source_science_v2/simple_v2/mge_lens__mge_source/77fcd0f34c3b5fc1f9a5ded1b47ecbca
2026-03-31 22:12:48,980 - mge_lens__mge_source - INFO - Outputting pre-fit files (e.g. model.info, visualization).
2026-03-31 22:13:00,320 - mge_lens__mge_source - INFO - Starting new Nautilus non-linear search (no previous samples found).
2026-03-31 22:13:00,321 - autofit.non_linear.fitness - INFO - JAX: Applying vmap and jit to likelihood function -- may take a few seconds.
2026-03-31 22:13:00,321 - autofit.non_linear.fitness - INFO - JAX: vmap and jit applied in 0.0005924701690673828 seconds.
2026-03-31 22:13:00,325 - mge_lens__mge_source - INFO - 
            Running search where parallelization is disabled.
            
2026-03-31 22:13:46,284 - mge_lens__mge_source - INFO - Fit Running: Updating results (see output folder).
2026-03-31 22:16:18,703 - mge_lens__mge_source - INFO - Fit Running: Updating results (see output folder).
2026-03-31 22:16:34,457 - autofit.non_linear.samples.samples - INFO - Samples with weight less than 1e-10 removed from samples.csv.
2026-03-31 22:16:34,942 - autofit.non_linear.search.abstract_search - INFO - Creating latent samples by drawing 100 from the PDF.
2026-03-31 22:16:34,945 - autofit.non_linear.analysis.analysis - INFO - JAX: Applying vmap and jit to likelihood function for latent variables -- may take a few seconds.
2026-03-31 22:16:34,947 - autofit.non_linear.analysis.analysis - INFO - JAX: vmap and jit applied in 0.002255678176879883 seconds.
2026-03-31 22:18:42,163 - mge_lens__mge_source - INFO - Removing search internal folder.
2026-03-31 22:18:42,179 - mge_lens__mge_source - INFO - Removing all files except for .zip file
2026-03-31 22:18:47,097 - mge_lens__mge_source - INFO - Search complete, returning result
2026-03-31 22:22:38,055 - mge_lens__mge_source - INFO - Fit Running: Updating results (see output folder).
2026-03-31 22:25:12,267 - mge_lens__mge_source - INFO - Fit Running: Updating results (see output folder).
2026-03-31 22:25:25,606 - autofit.non_linear.samples.samples - INFO - Samples with weight less than 1e-10 removed from samples.csv.
2026-03-31 22:25:25,983 - autofit.non_linear.search.abstract_search - INFO - Creating latent samples by drawing 100 from the PDF.
2026-03-31 22:25:25,985 - autofit.non_linear.analysis.analysis - INFO - JAX: Applying vmap and jit to likelihood function for latent variables -- may take a few seconds.
2026-03-31 22:25:25,986 - autofit.non_linear.analysis.analysis - INFO - JAX: vmap and jit applied in 0.0015952587127685547 seconds.
2026-03-31 22:27:11,263 - mge_lens__mge_source - INFO - Removing search internal folder.
2026-03-31 22:27:11,277 - mge_lens__mge_source - INFO - Removing all files except for .zip file
2026-03-31 22:27:16,543 - mge_lens__mge_source - INFO - Search complete, returning result
2026-04-02 18:03:08,116 - autoarray.dataset.imaging.dataset - INFO - IMAGING - Data masked, contains a total of 15380 image-pixels
2026-04-02 18:03:10,595 - jax_plugins.xla_cuda12 - WARNING - cuda_plugin_extension is not found.
2026-04-02 18:03:35,708 - autofit.non_linear.fitness - INFO - JAX: Applying vmap and jit to likelihood function -- may take a few seconds.
2026-04-02 18:03:35,709 - autofit.non_linear.fitness - INFO - JAX: vmap and jit applied in 0.0007827281951904297 seconds.
2026-04-02 18:31:17,973 - autoarray.dataset.imaging.dataset - INFO - IMAGING - Data masked, contains a total of 15380 image-pixels
2026-04-02 18:31:20,535 - jax_plugins.xla_cuda12 - WARNING - cuda_plugin_extension is not found.
2026-04-02 18:33:54,426 - autoarray.dataset.imaging.dataset - INFO - IMAGING - Data masked, contains a total of 15380 image-pixels
2026-04-02 18:33:56,804 - jax_plugins.xla_cuda12 - WARNING - cuda_plugin_extension is not found.
2026-04-02 18:35:34,550 - autoarray.dataset.imaging.dataset - INFO - IMAGING - Data masked, contains a total of 15380 image-pixels
2026-04-02 18:35:37,119 - jax_plugins.xla_cuda12 - WARNING - cuda_plugin_extension is not found.
2026-04-02 18:36:11,164 - autofit.non_linear.fitness - INFO - JAX: Applying vmap and jit to likelihood function -- may take a few seconds.
2026-04-02 18:36:11,165 - autofit.non_linear.fitness - INFO - JAX: vmap and jit applied in 0.000978231430053711 seconds.
2026-04-17 10:28:15,753 - autoarray.dataset.imaging.dataset - INFO - IMAGING - Data masked, contains a total of 15361 image-pixels
2026-04-17 10:28:16,548 - jax_plugins.xla_cuda12 - WARNING - cuda_plugin_extension is not found.
2026-04-17 10:47:58,335 - autoarray.dataset.imaging.dataset - INFO - IMAGING - Data masked, contains a total of 15361 image-pixels
2026-04-17 10:47:59,420 - jax_plugins.xla_cuda12 - WARNING - cuda_plugin_extension is not found.
2026-04-17 12:19:30,711 - autoarray.dataset.imaging.dataset - INFO - IMAGING - Data masked, contains a total of 15361 image-pixels
2026-04-17 12:19:31,566 - jax_plugins.xla_cuda12 - WARNING - cuda_plugin_extension is not found.
2026-04-17 12:21:53,197 - jax_plugins.xla_cuda12 - WARNING - cuda_plugin_extension is not found.
2026-04-17 13:35:21,585 - autoarray.dataset.imaging.dataset - INFO - IMAGING - Data masked, contains a total of 15361 image-pixels
2026-04-17 13:35:22,379 - jax_plugins.xla_cuda12 - WARNING - cuda_plugin_extension is not found.
2026-04-17 13:38:34,689 - autoarray.dataset.imaging.dataset - INFO - IMAGING - Data masked, contains a total of 15361 image-pixels
2026-04-17 13:38:35,529 - jax_plugins.xla_cuda12 - WARNING - cuda_plugin_extension is not found.
2026-04-17 13:47:17,401 - autoarray.dataset.imaging.dataset - INFO - IMAGING - Data masked, contains a total of 15361 image-pixels
2026-04-17 13:47:18,217 - jax_plugins.xla_cuda12 - WARNING - cuda_plugin_extension is not found.
2026-04-17 14:08:55,742 - autoarray.dataset.imaging.dataset - INFO - IMAGING - Data masked, contains a total of 15361 image-pixels
2026-04-17 14:08:56,694 - jax_plugins.xla_cuda12 - WARNING - cuda_plugin_extension is not found.
2026-04-17 14:31:23,625 - autoarray.dataset.imaging.dataset - INFO - IMAGING - Data masked, contains a total of 15361 image-pixels
2026-04-17 14:31:24,430 - jax_plugins.xla_cuda12 - WARNING - cuda_plugin_extension is not found.
2026-04-17 14:34:01,330 - autoarray.dataset.imaging.dataset - INFO - IMAGING - Data masked, contains a total of 15361 image-pixels
2026-04-17 14:34:02,270 - jax_plugins.xla_cuda12 - WARNING - cuda_plugin_extension is not found.
2026-04-17 14:36:30,810 - autoarray.dataset.imaging.dataset - INFO - IMAGING - Data masked, contains a total of 15361 image-pixels
2026-04-17 14:36:31,711 - jax_plugins.xla_cuda12 - WARNING - cuda_plugin_extension is not found.
2026-04-17 22:06:05,656 - jax_plugins.xla_cuda12 - WARNING - cuda_plugin_extension is not found.
